<html>
<head>
<title>TestNG:  RegressionTests</title>
<link href="../testng.css" rel="stylesheet" type="text/css" />
<link href="../my-testng.css" rel="stylesheet" type="text/css" />

<style type="text/css">
.log { display: none;} 
.stack-trace { display: none;} 
</style>
<script type="text/javascript">
<!--
function flip(e) {
  current = e.style.display;
  if (current == 'block') {
    e.style.display = 'none';
    return 0;
  }
  else {
    e.style.display = 'block';
    return 1;
  }
}

function toggleBox(szDivId, elem, msg1, msg2)
{
  var res = -1;  if (document.getElementById) {
    res = flip(document.getElementById(szDivId));
  }
  else if (document.all) {
    // this is the way old msie versions work
    res = flip(document.all[szDivId]);
  }
  if(elem) {
    if(res == 0) elem.innerHTML = msg1; else elem.innerHTML = msg2;
  }

}

function toggleAllBoxes() {
  if (document.getElementsByTagName) {
    d = document.getElementsByTagName('div');
    for (i = 0; i < d.length; i++) {
      if (d[i].className == 'log') {
        flip(d[i]);
      }
    }
  }
}

// -->
</script>

</head>
<body>
<h2 align='center'>RegressionTests</h2><table border='1' align="center">
<tr>
<td>Tests passed/Failed/Skipped:</td><td>12/1/0</td>
</tr><tr>
<td>Started on:</td><td>Mon May 18 16:15:21 MSK 2020</td>
</tr>
<tr><td>Total time:</td><td>282 seconds (282599 ms)</td>
</tr><tr>
<td>Included groups:</td><td></td>
</tr><tr>
<td>Excluded groups:</td><td></td>
</tr>
</table><p/>
<small><i>(Hover the method name to see the test class name)</i></small><p/>
<table width='100%' border='1' class='invocation-failed'>
<tr><td colspan='4' align='center'><b>FAILED TESTS</b></td></tr>
<tr><td><b>Test method</b></td>
<td width="30%"><b>Exception</b></td>
<td width="10%"><b>Time (seconds)</b></td>
<td><b>Instance</b></td>
</tr>
<tr>
<td title='tests.VerifyLoginFunctionality.testLoginOption()'><b>testLoginOption</b><br>Test class: tests.VerifyLoginFunctionality<br>Parameters: Вход/регистрация</td>
<td><div><pre>org.openqa.selenium.NoSuchElementException: no such element: Unable to locate element: {&quot;method&quot;:&quot;xpath&quot;,&quot;selector&quot;:&quot;//p[contains(text(),  &apos;Подписка&apos;)]&quot;}
  (Session info: chrome=81.0.4044.138)
For documentation on this error, please visit: https://www.seleniumhq.org/exceptions/no_such_element.html
Build info: version: &apos;3.141.59&apos;, revision: &apos;e82be7d358&apos;, time: &apos;2018-11-14T08:17:03&apos;
System info: host: &apos;EPBYMINW3264&apos;, ip: &apos;10.6.57.86&apos;, os.name: &apos;Windows 10&apos;, os.arch: &apos;amd64&apos;, os.version: &apos;10.0&apos;, java.version: &apos;1.8.0_201&apos;
Driver info: org.openqa.selenium.chrome.ChromeDriver
Capabilities {acceptInsecureCerts: false, browserName: chrome, browserVersion: 81.0.4044.138, chrome: {chromedriverVersion: 80.0.3987.106 (f68069574609..., userDataDir: C:\Users\NASTAS~1\AppData\L...}, goog:chromeOptions: {debuggerAddress: localhost:49920}, javascriptEnabled: true, networkConnectionEnabled: false, pageLoadStrategy: normal, platform: WINDOWS, platformName: WINDOWS, proxy: Proxy(), setWindowRect: true, strictFileInteractability: false, timeouts: {implicit: 0, pageLoad: 300000, script: 30000}, unhandledPromptBehavior: dismiss and notify}
Session ID: 053e083cb27eb6df6f5fb7f6209fb887
*** Element info: {Using=xpath, value=//p[contains(text(),  &apos;Подписка&apos;)]}
	at org.openqa.selenium.remote.http.W3CHttpResponseCodec.createException(W3CHttpResponseCodec.java:187)
	at org.openqa.selenium.remote.http.W3CHttpResponseCodec.decode(W3CHttpResponseCodec.java:122)
	at org.openqa.selenium.remote.http.W3CHttpResponseCodec.decode(W3CHttpResponseCodec.java:49)
	at org.openqa.selenium.remote.HttpCommandExecutor.execute(HttpCommandExecutor.java:158)
	at org.openqa.selenium.remote.service.DriverCommandExecutor.execute(DriverCommandExecutor.java:83)
	at org.openqa.selenium.remote.RemoteWebDriver.execute(RemoteWebDriver.java:552)
	at org.openqa.selenium.remote.RemoteWebDriver.findElement(RemoteWebDriver.java:323)
	at org.openqa.selenium.remote.RemoteWebDriver.findElementByXPath(RemoteWebDriver.java:428)
	at org.openqa.selenium.By$ByXPath.findElement(By.java:353)
	at org.openqa.selenium.remote.RemoteWebDriver.findElement(RemoteWebDriver.java:315)
	at pages.PersonalAreaPage.personalPageHeader(PersonalAreaPage.java:10)
	at tests.VerifyLoginFunctionality.testLoginOption(VerifyLoginFunctionality.java:25)
	at java.util.concurrent.FutureTask.run(FutureTask.java:266)
	at java.util.concurrent.ThreadPoolExecutor.runWorker(ThreadPoolExecutor.java:1149)
	at java.util.concurrent.ThreadPoolExecutor$Worker.run(ThreadPoolExecutor.java:624)
	at java.lang.Thread.run(Thread.java:748)
... Removed 20 stack frames</pre></div><a href='#' onClick='toggleBox("stack-trace1604670005", this, "Click to show all stack frames", "Click to hide stack frames")'>Click to show all stack frames</a>
<div class='stack-trace' id='stack-trace1604670005'><pre>org.openqa.selenium.NoSuchElementException: no such element: Unable to locate element: {&quot;method&quot;:&quot;xpath&quot;,&quot;selector&quot;:&quot;//p[contains(text(),  &apos;Подписка&apos;)]&quot;}
  (Session info: chrome=81.0.4044.138)
For documentation on this error, please visit: https://www.seleniumhq.org/exceptions/no_such_element.html
Build info: version: &apos;3.141.59&apos;, revision: &apos;e82be7d358&apos;, time: &apos;2018-11-14T08:17:03&apos;
System info: host: &apos;EPBYMINW3264&apos;, ip: &apos;10.6.57.86&apos;, os.name: &apos;Windows 10&apos;, os.arch: &apos;amd64&apos;, os.version: &apos;10.0&apos;, java.version: &apos;1.8.0_201&apos;
Driver info: org.openqa.selenium.chrome.ChromeDriver
Capabilities {acceptInsecureCerts: false, browserName: chrome, browserVersion: 81.0.4044.138, chrome: {chromedriverVersion: 80.0.3987.106 (f68069574609..., userDataDir: C:\Users\NASTAS~1\AppData\L...}, goog:chromeOptions: {debuggerAddress: localhost:49920}, javascriptEnabled: true, networkConnectionEnabled: false, pageLoadStrategy: normal, platform: WINDOWS, platformName: WINDOWS, proxy: Proxy(), setWindowRect: true, strictFileInteractability: false, timeouts: {implicit: 0, pageLoad: 300000, script: 30000}, unhandledPromptBehavior: dismiss and notify}
Session ID: 053e083cb27eb6df6f5fb7f6209fb887
*** Element info: {Using=xpath, value=//p[contains(text(),  &apos;Подписка&apos;)]}
	at sun.reflect.NativeConstructorAccessorImpl.newInstance0(Native Method)
	at sun.reflect.NativeConstructorAccessorImpl.newInstance(NativeConstructorAccessorImpl.java:62)
	at sun.reflect.DelegatingConstructorAccessorImpl.newInstance(DelegatingConstructorAccessorImpl.java:45)
	at java.lang.reflect.Constructor.newInstance(Constructor.java:423)
	at org.openqa.selenium.remote.http.W3CHttpResponseCodec.createException(W3CHttpResponseCodec.java:187)
	at org.openqa.selenium.remote.http.W3CHttpResponseCodec.decode(W3CHttpResponseCodec.java:122)
	at org.openqa.selenium.remote.http.W3CHttpResponseCodec.decode(W3CHttpResponseCodec.java:49)
	at org.openqa.selenium.remote.HttpCommandExecutor.execute(HttpCommandExecutor.java:158)
	at org.openqa.selenium.remote.service.DriverCommandExecutor.execute(DriverCommandExecutor.java:83)
	at org.openqa.selenium.remote.RemoteWebDriver.execute(RemoteWebDriver.java:552)
	at org.openqa.selenium.remote.RemoteWebDriver.findElement(RemoteWebDriver.java:323)
	at org.openqa.selenium.remote.RemoteWebDriver.findElementByXPath(RemoteWebDriver.java:428)
	at org.openqa.selenium.By$ByXPath.findElement(By.java:353)
	at org.openqa.selenium.remote.RemoteWebDriver.findElement(RemoteWebDriver.java:315)
	at pages.PersonalAreaPage.personalPageHeader(PersonalAreaPage.java:10)
	at tests.VerifyLoginFunctionality.testLoginOption(VerifyLoginFunctionality.java:25)
	at sun.reflect.NativeMethodAccessorImpl.invoke0(Native Method)
	at sun.reflect.NativeMethodAccessorImpl.invoke(NativeMethodAccessorImpl.java:62)
	at sun.reflect.DelegatingMethodAccessorImpl.invoke(DelegatingMethodAccessorImpl.java:43)
	at java.lang.reflect.Method.invoke(Method.java:498)
	at org.testng.internal.MethodInvocationHelper.invokeMethod(MethodInvocationHelper.java:124)
	at org.testng.internal.Invoker.invokeMethod(Invoker.java:583)
	at org.testng.internal.Invoker.invokeTestMethod(Invoker.java:719)
	at org.testng.internal.Invoker.invokeTestMethods(Invoker.java:989)
	at org.testng.internal.TestMethodWorker.invokeTestMethods(TestMethodWorker.java:125)
	at org.testng.internal.TestMethodWorker.run(TestMethodWorker.java:109)
	at org.testng.TestRunner.privateRun(TestRunner.java:648)
	at org.testng.TestRunner.run(TestRunner.java:505)
	at org.testng.SuiteRunner.runTest(SuiteRunner.java:455)
	at org.testng.SuiteRunner.access$000(SuiteRunner.java:40)
	at org.testng.SuiteRunner$SuiteWorker.run(SuiteRunner.java:489)
	at org.testng.internal.thread.ThreadUtil$1.call(ThreadUtil.java:52)
	at java.util.concurrent.FutureTask.run(FutureTask.java:266)
	at java.util.concurrent.ThreadPoolExecutor.runWorker(ThreadPoolExecutor.java:1149)
	at java.util.concurrent.ThreadPoolExecutor$Worker.run(ThreadPoolExecutor.java:624)
	at java.lang.Thread.run(Thread.java:748)
</pre></div></td>
<td>33</td>
<td>tests.VerifyLoginFunctionality@351d00c0</td></tr>
</table><p>
<table width='100%' border='1' class='invocation-passed'>
<tr><td colspan='4' align='center'><b>PASSED TESTS</b></td></tr>
<tr><td><b>Test method</b></td>
<td width="30%"><b>Exception</b></td>
<td width="10%"><b>Time (seconds)</b></td>
<td><b>Instance</b></td>
</tr>
<tr>
<td title='tests.VerifyProductIsAddedToCard.testAdditionProductToCard()'><b>testAdditionProductToCard</b><br>Test class: tests.VerifyProductIsAddedToCard</td>
<td></td>
<td>39</td>
<td>tests.VerifyProductIsAddedToCard@2a3b5b47</td></tr>
<tr>
<td title='tests.VerifyHeaderButtonsAreClickable.testBasketPageIsDisplayed()'><b>testBasketPageIsDisplayed</b><br>Test class: tests.VerifyHeaderButtonsAreClickable<br>Parameters: Корзина</td>
<td></td>
<td>22</td>
<td>tests.VerifyHeaderButtonsAreClickable@35d019a3</td></tr>
<tr>
<td title='tests.VerifyHeaderButtonsAreClickable.testBookmarksPageIsDisplayed()'><b>testBookmarksPageIsDisplayed</b><br>Test class: tests.VerifyHeaderButtonsAreClickable<br>Parameters: Закладки</td>
<td></td>
<td>10</td>
<td>tests.VerifyHeaderButtonsAreClickable@35d019a3</td></tr>
<tr>
<td title='tests.VerifyProductsCatalogOptions.testChooseProductFromCatalog()'><b>testChooseProductFromCatalog</b><br>Test class: tests.VerifyProductsCatalogOptions<br>Parameters: Закладки</td>
<td></td>
<td>59</td>
<td>tests.VerifyProductsCatalogOptions@689604d9</td></tr>
<tr>
<td title='tests.VerifyHeaderButtonsAreClickable.testComparasionListPageIsDisplayed()'><b>testComparasionListPageIsDisplayed</b><br>Test class: tests.VerifyHeaderButtonsAreClickable<br>Parameters: Сравнение товаров</td>
<td></td>
<td>6</td>
<td>tests.VerifyHeaderButtonsAreClickable@35d019a3</td></tr>
<tr>
<td title='tests.VerifyHeaderButtonsAreClickable.testDeliveryPageIsDisplayed()'><b>testDeliveryPageIsDisplayed</b><br>Test class: tests.VerifyHeaderButtonsAreClickable<br>Parameters: Доставка</td>
<td></td>
<td>5</td>
<td>tests.VerifyHeaderButtonsAreClickable@35d019a3</td></tr>
<tr>
<td title='tests.VerifyHeaderButtonsAreClickable.testDiscountSystemPageIsDisplayed()'><b>testDiscountSystemPageIsDisplayed</b><br>Test class: tests.VerifyHeaderButtonsAreClickable<br>Parameters: Система скидок</td>
<td></td>
<td>5</td>
<td>tests.VerifyHeaderButtonsAreClickable@35d019a3</td></tr>
<tr>
<td title='tests.VerifyHeaderButtonsAreClickable.testLoginWindowIsDisplayed()'><b>testLoginWindowIsDisplayed</b><br>Test class: tests.VerifyHeaderButtonsAreClickable<br>Parameters: Вход/регистрация</td>
<td></td>
<td>4</td>
<td>tests.VerifyHeaderButtonsAreClickable@35d019a3</td></tr>
<tr>
<td title='tests.VerifyHeaderButtonsAreClickable.testPaymentPageIsDisplayed()'><b>testPaymentPageIsDisplayed</b><br>Test class: tests.VerifyHeaderButtonsAreClickable<br>Parameters: Оплата</td>
<td></td>
<td>5</td>
<td>tests.VerifyHeaderButtonsAreClickable@35d019a3</td></tr>
<tr>
<td title='tests.VerifyProductAdditionToComparasionList.testProductAdditionToTheList()'><b>testProductAdditionToTheList</b><br>Test class: tests.VerifyProductAdditionToComparasionList<br>Parameters: Сравнение товаров</td>
<td></td>
<td>37</td>
<td>tests.VerifyProductAdditionToComparasionList@55b699ef</td></tr>
<tr>
<td title='tests.VerifyHeaderButtonsAreClickable.testWarrantyPageIsDisplayed()'><b>testWarrantyPageIsDisplayed</b><br>Test class: tests.VerifyHeaderButtonsAreClickable<br>Parameters: Гарантия</td>
<td></td>
<td>5</td>
<td>tests.VerifyHeaderButtonsAreClickable@35d019a3</td></tr>
<tr>
<td title='tests.VerifyHeaderButtonsAreClickable.testWishListPageIsDisplayed()'><b>testWishListPageIsDisplayed</b><br>Test class: tests.VerifyHeaderButtonsAreClickable<br>Parameters: Закладки</td>
<td></td>
<td>6</td>
<td>tests.VerifyHeaderButtonsAreClickable@35d019a3</td></tr>
</table><p>
</body>
</html>